{"/usr/local/git/practice/intercom/build/src/utils/index.js":{"path":"/usr/local/git/practice/intercom/build/src/utils/index.js","s":{"1":1,"2":1,"3":1,"4":0,"5":1,"6":1,"7":280,"8":1,"9":56,"10":56,"11":221,"12":1,"13":220,"14":165,"15":1,"16":70,"17":70,"18":70,"19":70,"20":70,"21":70,"22":1,"23":5,"24":57,"25":57,"26":57,"27":56,"28":55,"29":2,"30":3,"31":3,"32":3,"33":51,"34":32,"35":32,"36":32,"37":19,"38":3,"39":104,"40":1},"b":{"1":[1,220],"2":[221,220,220,220,220],"3":[165,55],"4":[32,19]},"f":{"1":0,"2":280,"3":56,"4":221,"5":70,"6":5,"7":57,"8":51,"9":104},"fnMap":{"1":{"name":"fetchText","line":4,"loc":{"start":{"line":4,"column":0},"end":{"line":4,"column":24}}},"2":{"name":"toRadian","line":8,"loc":{"start":{"line":8,"column":0},"end":{"line":8,"column":25}}},"3":{"name":"toCustomer","line":11,"loc":{"start":{"line":11,"column":0},"end":{"line":11,"column":30}}},"4":{"name":"(anonymous_4)","line":13,"loc":{"start":{"line":13,"column":34},"end":{"line":13,"column":49}}},"5":{"name":"calculateDistance","line":22,"loc":{"start":{"line":22,"column":0},"end":{"line":22,"column":39}}},"6":{"name":"getInvitedCustomers","line":30,"loc":{"start":{"line":30,"column":0},"end":{"line":30,"column":35}}},"7":{"name":"(anonymous_7)","line":32,"loc":{"start":{"line":32,"column":13},"end":{"line":32,"column":39}}},"8":{"name":"(anonymous_8)","line":48,"loc":{"start":{"line":48,"column":25},"end":{"line":48,"column":52}}},"9":{"name":"(anonymous_9)","line":58,"loc":{"start":{"line":58,"column":34},"end":{"line":58,"column":52}}}},"statementMap":{"1":{"start":{"line":2,"column":0},"end":{"line":2,"column":62}},"2":{"start":{"line":3,"column":0},"end":{"line":3,"column":48}},"3":{"start":{"line":4,"column":0},"end":{"line":6,"column":1}},"4":{"start":{"line":5,"column":4},"end":{"line":5,"column":24}},"5":{"start":{"line":7,"column":0},"end":{"line":7,"column":30}},"6":{"start":{"line":8,"column":0},"end":{"line":10,"column":1}},"7":{"start":{"line":9,"column":4},"end":{"line":9,"column":30}},"8":{"start":{"line":11,"column":0},"end":{"line":21,"column":1}},"9":{"start":{"line":12,"column":4},"end":{"line":12,"column":67}},"10":{"start":{"line":13,"column":4},"end":{"line":20,"column":7}},"11":{"start":{"line":14,"column":8},"end":{"line":16,"column":9}},"12":{"start":{"line":15,"column":12},"end":{"line":15,"column":57}},"13":{"start":{"line":17,"column":8},"end":{"line":19,"column":9}},"14":{"start":{"line":18,"column":12},"end":{"line":18,"column":50}},"15":{"start":{"line":22,"column":0},"end":{"line":29,"column":1}},"16":{"start":{"line":23,"column":4},"end":{"line":23,"column":27}},"17":{"start":{"line":24,"column":4},"end":{"line":24,"column":45}},"18":{"start":{"line":25,"column":4},"end":{"line":25,"column":41}},"19":{"start":{"line":26,"column":4},"end":{"line":26,"column":43}},"20":{"start":{"line":27,"column":4},"end":{"line":27,"column":47}},"21":{"start":{"line":28,"column":4},"end":{"line":28,"column":138}},"22":{"start":{"line":30,"column":0},"end":{"line":61,"column":1}},"23":{"start":{"line":31,"column":4},"end":{"line":42,"column":7}},"24":{"start":{"line":33,"column":8},"end":{"line":33,"column":23}},"25":{"start":{"line":34,"column":8},"end":{"line":41,"column":9}},"26":{"start":{"line":35,"column":12},"end":{"line":35,"column":52}},"27":{"start":{"line":36,"column":12},"end":{"line":36,"column":35}},"28":{"start":{"line":37,"column":12},"end":{"line":37,"column":30}},"29":{"start":{"line":40,"column":12},"end":{"line":40,"column":91}},"30":{"start":{"line":43,"column":4},"end":{"line":43,"column":31}},"31":{"start":{"line":44,"column":4},"end":{"line":47,"column":6}},"32":{"start":{"line":48,"column":4},"end":{"line":57,"column":7}},"33":{"start":{"line":49,"column":8},"end":{"line":56,"column":9}},"34":{"start":{"line":50,"column":12},"end":{"line":50,"column":37}},"35":{"start":{"line":51,"column":12},"end":{"line":51,"column":38}},"36":{"start":{"line":52,"column":12},"end":{"line":52,"column":45}},"37":{"start":{"line":55,"column":12},"end":{"line":55,"column":71}},"38":{"start":{"line":58,"column":4},"end":{"line":60,"column":7}},"39":{"start":{"line":59,"column":8},"end":{"line":59,"column":39}},"40":{"start":{"line":62,"column":0},"end":{"line":62,"column":50}}},"branchMap":{"1":{"line":14,"type":"if","locations":[{"start":{"line":14,"column":8},"end":{"line":14,"column":8}},{"start":{"line":14,"column":8},"end":{"line":14,"column":8}}]},"2":{"line":14,"type":"binary-expr","locations":[{"start":{"line":14,"column":12},"end":{"line":14,"column":43}},{"start":{"line":14,"column":47},"end":{"line":14,"column":64}},{"start":{"line":14,"column":68},"end":{"line":14,"column":82}},{"start":{"line":14,"column":86},"end":{"line":14,"column":104}},{"start":{"line":14,"column":108},"end":{"line":14,"column":127}}]},"3":{"line":17,"type":"if","locations":[{"start":{"line":17,"column":8},"end":{"line":17,"column":8}},{"start":{"line":17,"column":8},"end":{"line":17,"column":8}}]},"4":{"line":49,"type":"if","locations":[{"start":{"line":49,"column":8},"end":{"line":49,"column":8}},{"start":{"line":49,"column":8},"end":{"line":49,"column":8}}]}}},"/usr/local/git/practice/intercom/build/src/customers.js":{"path":"/usr/local/git/practice/intercom/build/src/customers.js","s":{"1":0,"2":0,"3":0,"4":0,"5":0},"b":{},"f":{"1":0},"fnMap":{"1":{"name":"(anonymous_1)","line":6,"loc":{"start":{"line":6,"column":10},"end":{"line":6,"column":26}}}},"statementMap":{"1":{"start":{"line":2,"column":0},"end":{"line":2,"column":62}},"2":{"start":{"line":3,"column":0},"end":{"line":3,"column":33}},"3":{"start":{"line":4,"column":0},"end":{"line":4,"column":138}},"4":{"start":{"line":5,"column":0},"end":{"line":8,"column":3}},"5":{"start":{"line":7,"column":4},"end":{"line":7,"column":51}}},"branchMap":{}},"/usr/local/git/practice/intercom/build/src/types/index.js":{"path":"/usr/local/git/practice/intercom/build/src/types/index.js","s":{},"b":{},"f":{},"fnMap":{},"statementMap":{},"branchMap":{}}}