TN:
SF:/usr/local/git/practice/intercom/build/src/utils/index.js
FN:4,fetchText
FN:8,toRadian
FN:11,toCustomer
FN:13,(anonymous_4)
FN:22,calculateDistance
FN:30,getInvitedCustomers
FN:32,(anonymous_7)
FN:48,(anonymous_8)
FN:58,(anonymous_9)
FNF:9
FNH:8
FNDA:0,fetchText
FNDA:280,toRadian
FNDA:56,toCustomer
FNDA:221,(anonymous_4)
FNDA:70,calculateDistance
FNDA:5,getInvitedCustomers
FNDA:57,(anonymous_7)
FNDA:51,(anonymous_8)
FNDA:104,(anonymous_9)
DA:2,1
DA:3,1
DA:4,1
DA:5,0
DA:7,1
DA:8,1
DA:9,280
DA:11,1
DA:12,56
DA:13,56
DA:14,221
DA:15,1
DA:17,220
DA:18,165
DA:22,1
DA:23,70
DA:24,70
DA:25,70
DA:26,70
DA:27,70
DA:28,70
DA:30,1
DA:31,5
DA:33,57
DA:34,57
DA:35,57
DA:36,56
DA:37,55
DA:40,2
DA:43,3
DA:44,3
DA:48,3
DA:49,51
DA:50,32
DA:51,32
DA:52,32
DA:55,19
DA:58,3
DA:59,104
DA:62,1
LF:40
LH:39
BRDA:14,1,0,1
BRDA:14,1,1,220
BRDA:14,2,0,221
BRDA:14,2,1,220
BRDA:14,2,2,220
BRDA:14,2,3,220
BRDA:14,2,4,220
BRDA:17,3,0,165
BRDA:17,3,1,55
BRDA:49,4,0,32
BRDA:49,4,1,19
BRF:11
BRH:11
end_of_record
TN:
SF:/usr/local/git/practice/intercom/build/src/customers.js
FN:6,(anonymous_1)
FNF:1
FNH:0
FNDA:0,(anonymous_1)
DA:2,0
DA:3,0
DA:4,0
DA:5,0
DA:7,0
LF:5
LH:0
BRF:0
BRH:0
end_of_record
TN:
SF:/usr/local/git/practice/intercom/build/src/types/index.js
FNF:0
FNH:0
LF:0
LH:0
BRF:0
BRH:0
end_of_record
